<?xml version="1.0" encoding="UTF-8"?>
<testsuite xmlns:xsi="http://www.w3.org/2001/XMLSchema-instance" xsi:noNamespaceSchemaLocation="https://maven.apache.org/surefire/maven-surefire-plugin/xsd/surefire-test-report-3.0.xsd" version="3.0" name="finalproj.battleship.controller.GUIControllerTest" time="2.124" tests="10" errors="0" skipped="0" failures="0">
  <properties>
[...]
</properties>
  <testcase name="testGetClickedSettingButton" classname="finalproj.battleship.controller.GUIControllerTest" time="2.079"/>
  <testcase name="testEndGame" classname="finalproj.battleship.controller.GUIControllerTest" time="0.004"/>
  <testcase name="testAttackComputer" classname="finalproj.battleship.controller.GUIControllerTest" time="0.005"/>
  <testcase name="testNavigationToPlayingPanel" classname="finalproj.battleship.controller.GUIControllerTest" time="0.004"/>
  <testcase name="testNavigationToOnePlayerPanel" classname="finalproj.battleship.controller.GUIControllerTest" time="0.004"/>
  <testcase name="testNavigationToSettingPanel" classname="finalproj.battleship.controller.GUIControllerTest" time="0.002"/>
  <testcase name="testNavigationToWelcome" classname="finalproj.battleship.controller.GUIControllerTest" time="0.003"/>
  <testcase name="testAttack" classname="finalproj.battleship.controller.GUIControllerTest" time="0.002"/>
  <testcase name="testSetShip" classname="finalproj.battleship.controller.GUIControllerTest" time="0.003"/>
  <testcase name="testNavigationToGuidePanel" classname="finalproj.battleship.controller.GUIControllerTest" time="0.002"/>
</testsuite>